\BOOKMARK [0][-]{section*.1}{\376\377\000C\000o\000n\000t\000e\000n\000t\000s}{}% 1
\BOOKMARK [0][-]{chapter.1}{\376\377\0001\000\040\000A\000\040\000P\000a\000t\000u\000s\000\040\000W\000a\000l\000k\000t\000h\000r\000o\000u\000g\000h\000\040\000E\000x\000a\000m\000p\000l\000e}{}% 2
\BOOKMARK [1][-]{section.1.1}{\376\377\0001\000.\0001\000\040\000F\000r\000o\000m\000\040\000a\000\040\000M\000o\000d\000e\000l\000\040\000t\000o\000\040\000a\000\040\000S\000t\000e\000n\000c\000i\000l}{chapter.1}% 3
\BOOKMARK [1][-]{section.1.2}{\376\377\0001\000.\0002\000\040\000G\000e\000n\000e\000r\000a\000t\000i\000n\000g\000\040\000T\000h\000e\000\040\000C\000o\000d\000e}{chapter.1}% 4
\BOOKMARK [1][-]{section.1.3}{\376\377\0001\000.\0003\000\040\000R\000u\000n\000n\000i\000n\000g\000\040\000a\000n\000d\000\040\000T\000u\000n\000i\000n\000g}{chapter.1}% 5
\BOOKMARK [0][-]{chapter.2}{\376\377\0002\000\040\000P\000a\000t\000u\000s\000\040\000U\000s\000a\000g\000e}{}% 6
\BOOKMARK [1][-]{section.2.1}{\376\377\0002\000.\0001\000\040\000C\000o\000d\000e\000\040\000G\000e\000n\000e\000r\000a\000t\000i\000o\000n}{chapter.2}% 7
\BOOKMARK [1][-]{section.2.2}{\376\377\0002\000.\0002\000\040\000A\000u\000t\000o\000-\000T\000u\000n\000i\000n\000g}{chapter.2}% 8
\BOOKMARK [0][-]{chapter.3}{\376\377\0003\000\040\000I\000n\000t\000e\000g\000r\000a\000t\000i\000n\000g\000\040\000i\000n\000t\000o\000\040\000U\000s\000e\000r\000\040\000C\000o\000d\000e}{}% 9
\BOOKMARK [0][-]{chapter.4}{\376\377\0004\000\040\000A\000l\000t\000e\000r\000n\000a\000t\000e\000\040\000E\000n\000t\000r\000y\000\040\000P\000o\000i\000n\000t\000s\000\040\000t\000o\000\040\000P\000a\000t\000u\000s}{}% 10
\BOOKMARK [0][-]{chapter.5}{\376\377\0005\000\040\000M\000o\000r\000e\000\040\000D\000e\000t\000a\000i\000l\000s\000\040\000o\000n\000\040\000P\000a\000t\000u\000s\000\040\000S\000t\000e\000n\000c\000i\000l\000\040\000S\000p\000e\000c\000i\000f\000i\000c\000a\000t\000i\000o\000n\000s}{}% 11
\BOOKMARK [0][-]{chapter.6}{\376\377\0006\000\040\000S\000t\000r\000a\000t\000e\000g\000i\000e\000s\000\040\000a\000n\000d\000\040\000H\000a\000r\000d\000w\000a\000r\000e\000\040\000A\000r\000c\000h\000i\000t\000e\000c\000t\000u\000r\000e\000s}{}% 12
\BOOKMARK [1][-]{section.6.1}{\376\377\0006\000.\0001\000\040\000A\000\040\000C\000a\000c\000h\000e\000\040\000B\000l\000o\000c\000k\000i\000n\000g\000\040\000S\000t\000r\000a\000t\000e\000g\000y}{chapter.6}% 13
\BOOKMARK [1][-]{section.6.2}{\376\377\0006\000.\0002\000\040\000I\000n\000d\000e\000p\000e\000n\000d\000e\000n\000c\000e\000\040\000o\000f\000\040\000t\000h\000e\000\040\000S\000t\000e\000n\000c\000i\000l}{chapter.6}% 14
\BOOKMARK [1][-]{section.6.3}{\376\377\0006\000.\0003\000\040\000I\000n\000d\000e\000p\000e\000n\000d\000e\000n\000c\000e\000\040\000o\000f\000\040\000t\000h\000e\000\040\000H\000a\000r\000d\000w\000a\000r\000e\000\040\000A\000r\000c\000h\000i\000t\000e\000c\000t\000u\000r\000e}{chapter.6}% 15
\BOOKMARK [1][-]{section.6.4}{\376\377\0006\000.\0004\000\040\000E\000x\000a\000m\000p\000l\000e\000s\000\040\000o\000f\000\040\000G\000e\000n\000e\000r\000a\000t\000e\000d\000\040\000C\000o\000d\000e}{chapter.6}% 16
\BOOKMARK [0][-]{chapter.7}{\376\377\0007\000\040\000C\000u\000r\000r\000e\000n\000t\000\040\000L\000i\000m\000i\000t\000a\000t\000i\000o\000n\000s}{}% 17
\BOOKMARK [0][-]{section*.4}{\376\377\000B\000i\000b\000l\000i\000o\000g\000r\000a\000p\000h\000y}{}% 18
\BOOKMARK [0][-]{appendix.A}{\376\377\000A\000\040\000P\000a\000t\000u\000s\000\040\000G\000r\000a\000m\000m\000a\000r\000s}{}% 19
\BOOKMARK [1][-]{section.A.1}{\376\377\000A\000.\0001\000\040\000S\000t\000e\000n\000c\000i\000l\000\040\000D\000S\000L\000\040\000G\000r\000a\000m\000m\000a\000r}{appendix.A}% 20
\BOOKMARK [1][-]{section.A.2}{\376\377\000A\000.\0002\000\040\000S\000t\000r\000a\000t\000e\000g\000y\000\040\000D\000S\000L\000\040\000G\000r\000a\000m\000m\000a\000r}{appendix.A}% 21
\BOOKMARK [0][-]{appendix.B}{\376\377\000B\000\040\000S\000t\000e\000n\000c\000i\000l\000\040\000S\000p\000e\000c\000i\000f\000i\000c\000a\000t\000i\000o\000n\000s}{}% 22
\BOOKMARK [1][-]{section.B.1}{\376\377\000B\000.\0001\000\040\000B\000a\000s\000i\000c\000\040\000D\000i\000f\000f\000e\000r\000e\000n\000t\000i\000a\000l\000\040\000O\000p\000e\000r\000a\000t\000o\000r\000s}{appendix.B}% 23
\BOOKMARK [2][-]{subsection.B.1.1}{\376\377\000B\000.\0001\000.\0001\000\040\000L\000a\000p\000l\000a\000c\000i\000a\000n}{section.B.1}% 24
\BOOKMARK [2][-]{subsection.B.1.2}{\376\377\000B\000.\0001\000.\0002\000\040\000D\000i\000v\000e\000r\000g\000e\000n\000c\000e}{section.B.1}% 25
\BOOKMARK [2][-]{subsection.B.1.3}{\376\377\000B\000.\0001\000.\0003\000\040\000G\000r\000a\000d\000i\000e\000n\000t}{section.B.1}% 26
\BOOKMARK [1][-]{section.B.2}{\376\377\000B\000.\0002\000\040\000W\000a\000v\000e\000\040\000E\000q\000u\000a\000t\000i\000o\000n}{appendix.B}% 27
\BOOKMARK [1][-]{section.B.3}{\376\377\000B\000.\0003\000\040\000C\000O\000S\000M\000O}{appendix.B}% 28
\BOOKMARK [2][-]{subsection.B.3.1}{\376\377\000B\000.\0003\000.\0001\000\040\000U\000p\000s\000t\000r\000e\000a\000m}{section.B.3}% 29
\BOOKMARK [2][-]{subsection.B.3.2}{\376\377\000B\000.\0003\000.\0002\000\040\000T\000r\000i\000c\000u\000b\000i\000c\000\040\000I\000n\000t\000e\000r\000p\000o\000l\000a\000t\000i\000o\000n}{section.B.3}% 30
\BOOKMARK [1][-]{section.B.4}{\376\377\000B\000.\0004\000\040\000H\000y\000p\000e\000r\000t\000h\000e\000r\000m\000i\000a}{appendix.B}% 31
\BOOKMARK [1][-]{section.B.5}{\376\377\000B\000.\0005\000\040\000A\000n\000e\000l\000a\000s\000t\000i\000c\000\040\000W\000a\000v\000e\000\040\000P\000r\000o\000p\000a\000g\000a\000t\000i\000o\000n}{appendix.B}% 32
\BOOKMARK [2][-]{subsection.B.5.1}{\376\377\000B\000.\0005\000.\0001\000\040\000u\000x\000x\0001}{section.B.5}% 33
\BOOKMARK [2][-]{subsection.B.5.2}{\376\377\000B\000.\0005\000.\0002\000\040\000x\000y\0001}{section.B.5}% 34
\BOOKMARK [2][-]{subsection.B.5.3}{\376\377\000B\000.\0005\000.\0003\000\040\000x\000y\000z\0001}{section.B.5}% 35
\BOOKMARK [2][-]{subsection.B.5.4}{\376\377\000B\000.\0005\000.\0004\000\040\000x\000y\000z\000q}{section.B.5}% 36
