\BOOKMARK [1][-]{section.1}{\376\377\0001\000\040\000I\000n\000t\000r\000o\000d\000u\000c\000t\000i\000o\000n}{}% 1
\BOOKMARK [2][-]{subsection.1.1}{\376\377\0001\000.\0001\000\040\000C\000o\000p\000y\000r\000i\000g\000h\000t\000s}{section.1}% 2
\BOOKMARK [1][-]{section.2}{\376\377\0002\000\040\000I\000n\000s\000t\000a\000l\000l\000a\000t\000i\000o\000n}{}% 3
\BOOKMARK [2][-]{subsection.2.1}{\376\377\0002\000.\0001\000\040\000P\000r\000e\000r\000e\000q\000u\000i\000s\000i\000t\000e\000s}{section.2}% 4
\BOOKMARK [2][-]{subsection.2.2}{\376\377\0002\000.\0002\000\040\000I\000n\000s\000t\000a\000l\000l\000a\000t\000i\000o\000n}{section.2}% 5
\BOOKMARK [3][-]{subsubsection.2.2.1}{\376\377\0002\000.\0002\000.\0001\000\040\000L\000i\000n\000u\000x}{subsection.2.2}% 6
\BOOKMARK [3][-]{subsubsection.2.2.2}{\376\377\0002\000.\0002\000.\0002\000\040\000M\000i\000c\000r\000o\000s\000o\000f\000t\000\040\000W\000i\000n\000d\000o\000w\000s}{subsection.2.2}% 7
\BOOKMARK [1][-]{section.3}{\376\377\0003\000\040\000U\000s\000i\000n\000g\000\040\000P\000a\000t\000u\000s}{}% 8
\BOOKMARK [2][-]{subsection.3.1}{\376\377\0003\000.\0001\000\040\000A\000\040\000W\000a\000l\000k\000t\000h\000r\000o\000u\000g\000h\000\040\000E\000x\000a\000m\000p\000l\000e}{section.3}% 9
\BOOKMARK [3][-]{subsubsection.3.1.1}{\376\377\0003\000.\0001\000.\0001\000\040\000F\000r\000o\000m\000\040\000a\000\040\000M\000o\000d\000e\000l\000\040\000t\000o\000\040\000a\000\040\000S\000t\000e\000n\000c\000i\000l\000\040\000S\000p\000e\000c\000i\000f\000i\000c\000a\000t\000i\000o\000n}{subsection.3.1}% 10
\BOOKMARK [3][-]{subsubsection.3.1.2}{\376\377\0003\000.\0001\000.\0002\000\040\000T\000h\000e\000\040\000S\000p\000e\000c\000i\000f\000i\000c\000a\000t\000i\000o\000n\000\040\000E\000x\000p\000l\000a\000i\000n\000e\000d}{subsection.3.1}% 11
\BOOKMARK [3][-]{subsubsection.3.1.3}{\376\377\0003\000.\0001\000.\0003\000\040\000B\000u\000i\000l\000d\000i\000n\000g\000\040\000t\000h\000e\000\040\000B\000e\000n\000c\000h\000m\000a\000r\000k\000i\000n\000g\000\040\000H\000a\000r\000n\000e\000s\000s}{subsection.3.1}% 12
\BOOKMARK [3][-]{subsubsection.3.1.4}{\376\377\0003\000.\0001\000.\0004\000\040\000A\000u\000t\000o\000-\000T\000u\000n\000i\000n\000g}{subsection.3.1}% 13
\BOOKMARK [3][-]{subsubsection.3.1.5}{\376\377\0003\000.\0001\000.\0005\000\040\000S\000i\000m\000p\000l\000e\000\040\000V\000i\000s\000u\000a\000l\000i\000z\000a\000t\000i\000o\000n}{subsection.3.1}% 14
\BOOKMARK [2][-]{subsection.3.2}{\376\377\0003\000.\0002\000\040\000W\000r\000i\000t\000i\000n\000g\000\040\000Y\000o\000u\000r\000\040\000O\000w\000n\000\040\000S\000t\000e\000n\000c\000i\000l\000\040\000S\000p\000e\000c\000i\000f\000i\000c\000a\000t\000i\000o\000n\000s}{section.3}% 15
\BOOKMARK [3][-]{subsubsection.3.2.1}{\376\377\0003\000.\0002\000.\0001\000\040\000S\000t\000e\000n\000c\000i\000l\000\040\000A\000r\000g\000u\000m\000e\000n\000t\000s}{subsection.3.2}% 16
\BOOKMARK [3][-]{subsubsection.3.2.2}{\376\377\0003\000.\0002\000.\0002\000\040\000I\000t\000e\000r\000a\000t\000i\000o\000n\000\040\000S\000p\000a\000c\000e}{subsection.3.2}% 17
\BOOKMARK [3][-]{subsubsection.3.2.3}{\376\377\0003\000.\0002\000.\0003\000\040\000N\000u\000m\000b\000e\000r\000\040\000o\000f\000\040\000T\000i\000m\000e\000s\000t\000e\000p\000s}{subsection.3.2}% 18
\BOOKMARK [3][-]{subsubsection.3.2.4}{\376\377\0003\000.\0002\000.\0004\000\040\000T\000h\000e\000\040\000`\000`\000o\000p\000e\000r\000a\000t\000i\000o\000n\000'\000'}{subsection.3.2}% 19
\BOOKMARK [3][-]{subsubsection.3.2.5}{\376\377\0003\000.\0002\000.\0005\000\040\000B\000o\000u\000n\000d\000a\000r\000y\000\040\000C\000o\000n\000d\000i\000t\000i\000o\000n\000s}{subsection.3.2}% 20
\BOOKMARK [3][-]{subsubsection.3.2.6}{\376\377\0003\000.\0002\000.\0006\000\040\000I\000n\000i\000t\000i\000a\000l\000\040\000C\000o\000n\000d\000i\000t\000i\000o\000n}{subsection.3.2}% 21
\BOOKMARK [2][-]{subsection.3.3}{\376\377\0003\000.\0003\000\040\000I\000n\000t\000e\000g\000r\000a\000t\000i\000n\000g\000\040\000I\000n\000t\000o\000\040\000Y\000o\000u\000r\000\040\000O\000w\000n\000\040\000A\000p\000p\000l\000i\000c\000a\000t\000i\000o\000n}{section.3}% 22
\BOOKMARK [1][-]{section.4}{\376\377\0004\000\040\000E\000x\000a\000m\000p\000l\000e\000s}{}% 23
\BOOKMARK [1][-]{section.5}{\376\377\0005\000\040\000C\000u\000r\000r\000e\000n\000t\000\040\000L\000i\000m\000i\000t\000a\000t\000i\000o\000n\000s}{}% 24
